Checking whether the C compiler is IAR using "" did not match "IAR .+ Compiler":
You have not agreed to the Xcode license agreements. Please run 'sudo xcodebuild -license' from within a Terminal window to review and agree to the Xcode and Apple SDKs license.
Checking whether the C compiler is IAR using "" did not match "IAR .+ Compiler":
You have not agreed to the Xcode license agreements. Please run 'sudo xcodebuild -license' from within a Terminal window to review and agree to the Xcode and Apple SDKs license.
Checking whether the CXX compiler is IAR using "" did not match "IAR .+ Compiler":
You have not agreed to the Xcode license agreements. Please run 'sudo xcodebuild -license' from within a Terminal window to review and agree to the Xcode and Apple SDKs license.
Checking whether the CXX compiler is IAR using "" did not match "IAR .+ Compiler":
You have not agreed to the Xcode license agreements. Please run 'sudo xcodebuild -license' from within a Terminal window to review and agree to the Xcode and Apple SDKs license.
Detecting C compiler ABI info failed to compile with the following output:
Change Dir: /Users/aires/CLionProjects/paycheck-calculator/cmake-build-debug/CMakeFiles/CMakeScratch/TryCompile-WVaU8j

Run Build Command(s):/Applications/CLion.app/Contents/bin/ninja/mac/ninja cmTC_f6b1d && [1/2] Building C object CMakeFiles/cmTC_f6b1d.dir/CMakeCCompilerABI.c.o
FAILED: CMakeFiles/cmTC_f6b1d.dir/CMakeCCompilerABI.c.o 
/usr/bin/cc    -o CMakeFiles/cmTC_f6b1d.dir/CMakeCCompilerABI.c.o -c /Applications/CLion.app/Contents/bin/cmake/mac/share/cmake-3.25/Modules/CMakeCCompilerABI.c
You have not agreed to the Xcode license agreements. Please run 'sudo xcodebuild -license' from within a Terminal window to review and agree to the Xcode and Apple SDKs license.
ninja: build stopped: subcommand failed.




Determining if the C compiler works failed with the following output:
Change Dir: /Users/aires/CLionProjects/paycheck-calculator/cmake-build-debug/CMakeFiles/CMakeScratch/TryCompile-mvGCrl

Run Build Command(s):/Applications/CLion.app/Contents/bin/ninja/mac/ninja cmTC_8e242 && [1/2] Building C object CMakeFiles/cmTC_8e242.dir/testCCompiler.c.o
FAILED: CMakeFiles/cmTC_8e242.dir/testCCompiler.c.o 
/usr/bin/cc    -o CMakeFiles/cmTC_8e242.dir/testCCompiler.c.o -c /Users/aires/CLionProjects/paycheck-calculator/cmake-build-debug/CMakeFiles/CMakeScratch/TryCompile-mvGCrl/testCCompiler.c
You have not agreed to the Xcode license agreements. Please run 'sudo xcodebuild -license' from within a Terminal window to review and agree to the Xcode and Apple SDKs license.
ninja: build stopped: subcommand failed.



